==399== Memcheck, a memory error detector
==399== Copyright (C) 2002-2022, and GNU GPL'd, by Julian Seward et al.
==399== Using Valgrind-3.19.0 and LibVEX; rerun with -h for copyright info
==399== Command: ./bin/compilador
==399== 
==399== Invalid read of size 4
==399==    at 0x10CBDD: yyparse (bison.y:518)
==399==    by 0x10E010: main (bison.y:927)
==399==  Address 0x18 is not stack'd, malloc'd or (recently) free'd
==399== 
==399== 
==399== Process terminating with default action of signal 11 (SIGSEGV)
==399==  Access not within mapped region at address 0x18
==399==    at 0x10CBDD: yyparse (bison.y:518)
==399==    by 0x10E010: main (bison.y:927)
==399==  If you believe this happened as a result of a stack
==399==  overflow in your program's main thread (unlikely but
==399==  possible), you can try to increase the size of the
==399==  main thread stack using the --main-stacksize= flag.
==399==  The main thread stack size used in this run was 8388608.
==399== 
==399== HEAP SUMMARY:
==399==     in use at exit: 83,059 bytes in 95 blocks
==399==   total heap usage: 111 allocs, 16 frees, 83,240 bytes allocated
==399== 
==399== 3 bytes in 1 blocks are still reachable in loss record 1 of 53
==399==    at 0x48407B4: malloc (vg_replace_malloc.c:381)
==399==    by 0x109D64: yylex (flex.l:172)
==399==    by 0x10BEA7: yyparse (bison.tab.c:1252)
==399==    by 0x10E010: main (bison.y:927)
==399== 
==399== 3 bytes in 1 blocks are definitely lost in loss record 2 of 53
==399==    at 0x48407B4: malloc (vg_replace_malloc.c:381)
==399==    by 0x109D64: yylex (flex.l:172)
==399==    by 0x10BEA7: yyparse (bison.tab.c:1252)
==399==    by 0x10E010: main (bison.y:927)
==399== 
==399== 4 bytes in 1 blocks are definitely lost in loss record 3 of 53
==399==    at 0x48407B4: malloc (vg_replace_malloc.c:381)
==399==    by 0x109E10: yylex (flex.l:183)
==399==    by 0x10BEA7: yyparse (bison.tab.c:1252)
==399==    by 0x10E010: main (bison.y:927)
==399== 
==399== 5 bytes in 1 blocks are still reachable in loss record 4 of 53
==399==    at 0x48407B4: malloc (vg_replace_malloc.c:381)
==399==    by 0x48FC969: strdup (strdup.c:42)
==399==    by 0x10EA92: inserir_funcao (semantic.c:300)
==399==    by 0x10E24A: iniciar_analisador_semantico (semantic.c:89)
==399==    by 0x10C04F: yyparse (bison.y:222)
==399==    by 0x10E010: main (bison.y:927)
==399== 
==399== 6 bytes in 1 blocks are still reachable in loss record 5 of 53
==399==    at 0x48407B4: malloc (vg_replace_malloc.c:381)
==399==    by 0x48FC969: strdup (strdup.c:42)
==399==    by 0x10EA92: inserir_funcao (semantic.c:300)
==399==    by 0x10E22F: iniciar_analisador_semantico (semantic.c:88)
==399==    by 0x10C04F: yyparse (bison.y:222)
==399==    by 0x10E010: main (bison.y:927)
==399== 
==399== 6 bytes in 1 blocks are still reachable in loss record 6 of 53
==399==    at 0x48407B4: malloc (vg_replace_malloc.c:381)
==399==    by 0x109CC3: yylex (flex.l:160)
==399==    by 0x10BEA7: yyparse (bison.tab.c:1252)
==399==    by 0x10E010: main (bison.y:927)
==399== 
==399== 6 bytes in 2 blocks are still reachable in loss record 7 of 53
==399==    at 0x48407B4: malloc (vg_replace_malloc.c:381)
==399==    by 0x48FC969: strdup (strdup.c:42)
==399==    by 0x10FDAD: criar_no_literal (ast.c:274)
==399==    by 0x10D04F: yyparse (bison.y:630)
==399==    by 0x10E010: main (bison.y:927)
==399== 
==399== 7 bytes in 1 blocks are still reachable in loss record 8 of 53
==399==    at 0x48407B4: malloc (vg_replace_malloc.c:381)
==399==    by 0x48FC969: strdup (strdup.c:42)
==399==    by 0x10EAB6: inserir_funcao (semantic.c:302)
==399==    by 0x10E22F: iniciar_analisador_semantico (semantic.c:88)
==399==    by 0x10C04F: yyparse (bison.y:222)
==399==    by 0x10E010: main (bison.y:927)
==399== 
==399== 7 bytes in 1 blocks are still reachable in loss record 9 of 53
==399==    at 0x48407B4: malloc (vg_replace_malloc.c:381)
==399==    by 0x48FC969: strdup (strdup.c:42)
==399==    by 0x10EAB6: inserir_funcao (semantic.c:302)
==399==    by 0x10E24A: iniciar_analisador_semantico (semantic.c:89)
==399==    by 0x10C04F: yyparse (bison.y:222)
==399==    by 0x10E010: main (bison.y:927)
==399== 
==399== 7 bytes in 1 blocks are still reachable in loss record 10 of 53
==399==    at 0x48407B4: malloc (vg_replace_malloc.c:381)
==399==    by 0x48FC969: strdup (strdup.c:42)
==399==    by 0x10ECB7: mudar_escopo (semantic.c:359)
==399==    by 0x10C565: yyparse (bison.y:346)
==399==    by 0x10E010: main (bison.y:927)
==399== 
==399== 8 bytes in 1 blocks are still reachable in loss record 11 of 53
==399==    at 0x48407B4: malloc (vg_replace_malloc.c:381)
==399==    by 0x10B878: yyalloc (lex.yy.c:2157)
==399==    by 0x10B2FD: yyensure_buffer_stack (lex.yy.c:1855)
==399==    by 0x10954D: yylex (lex.yy.c:852)
==399==    by 0x10BEA7: yyparse (bison.tab.c:1252)
==399==    by 0x10E010: main (bison.y:927)
==399== 
==399== 8 bytes in 1 blocks are still reachable in loss record 12 of 53
==399==    at 0x48407B4: malloc (vg_replace_malloc.c:381)
==399==    by 0x48FC969: strdup (strdup.c:42)
==399==    by 0x10FDAD: criar_no_literal (ast.c:274)
==399==    by 0x10D0AF: yyparse (bison.y:636)
==399==    by 0x10E010: main (bison.y:927)
==399== 
==399== 10 bytes in 2 blocks are still reachable in loss record 13 of 53
==399==    at 0x48407B4: malloc (vg_replace_malloc.c:381)
==399==    by 0x109E10: yylex (flex.l:183)
==399==    by 0x10BEA7: yyparse (bison.tab.c:1252)
==399==    by 0x10E010: main (bison.y:927)
==399== 
==399== 10 bytes in 2 blocks are still reachable in loss record 14 of 53
==399==    at 0x48407B4: malloc (vg_replace_malloc.c:381)
==399==    by 0x10FA6E: criar_no_expressao (ast.c:183)
==399==    by 0x10CD42: yyparse (bison.y:548)
==399==    by 0x10E010: main (bison.y:927)
==399== 
==399== 11 bytes in 1 blocks are indirectly lost in loss record 15 of 53
==399==    at 0x48407B4: malloc (vg_replace_malloc.c:381)
==399==    by 0x48FC969: strdup (strdup.c:42)
==399==    by 0x10FDAD: criar_no_literal (ast.c:274)
==399==    by 0x10D0AF: yyparse (bison.y:636)
==399==    by 0x10E010: main (bison.y:927)
==399== 
==399== 12 bytes in 2 blocks are still reachable in loss record 16 of 53
==399==    at 0x48407B4: malloc (vg_replace_malloc.c:381)
==399==    by 0x48FC969: strdup (strdup.c:42)
==399==    by 0x10FB9E: criar_no_chamada_func (ast.c:213)
==399==    by 0x10D346: yyparse (bison.y:686)
==399==    by 0x10E010: main (bison.y:927)
==399== 
==399== 14 bytes in 2 blocks are still reachable in loss record 17 of 53
==399==    at 0x48407B4: malloc (vg_replace_malloc.c:381)
==399==    by 0x48FC969: strdup (strdup.c:42)
==399==    by 0x10EAB6: inserir_funcao (semantic.c:302)
==399==    by 0x10C51F: yyparse (bison.y:336)
==399==    by 0x10E010: main (bison.y:927)
==399== 
==399== 14 bytes in 3 blocks are still reachable in loss record 18 of 53
==399==    at 0x48407B4: malloc (vg_replace_malloc.c:381)
==399==    by 0x48FC969: strdup (strdup.c:42)
==399==    by 0x10FDAD: criar_no_literal (ast.c:274)
==399==    by 0x10D06F: yyparse (bison.y:632)
==399==    by 0x10E010: main (bison.y:927)
==399== 
==399== 16 bytes in 3 blocks are still reachable in loss record 19 of 53
==399==    at 0x48407B4: malloc (vg_replace_malloc.c:381)
==399==    by 0x48FC969: strdup (strdup.c:42)
==399==    by 0x10ED06: inserir_parametro (semantic.c:371)
==399==    by 0x10C645: yyparse (bison.y:380)
==399==    by 0x10E010: main (bison.y:927)
==399== 
==399== 16 bytes in 3 blocks are still reachable in loss record 20 of 53
==399==    at 0x48407B4: malloc (vg_replace_malloc.c:381)
==399==    by 0x48FC969: strdup (strdup.c:42)
==399==    by 0x10FCB6: criar_no_identificador (ast.c:244)
==399==    by 0x10CF02: yyparse (bison.y:602)
==399==    by 0x10E010: main (bison.y:927)
==399== 
==399== 19 bytes in 2 blocks are definitely lost in loss record 21 of 53
==399==    at 0x48407B4: malloc (vg_replace_malloc.c:381)
==399==    by 0x109F57: yylex (flex.l:204)
==399==    by 0x10BEA7: yyparse (bison.tab.c:1252)
==399==    by 0x10E010: main (bison.y:927)
==399== 
==399== 21 bytes in 1 blocks are still reachable in loss record 22 of 53
==399==    at 0x48407B4: malloc (vg_replace_malloc.c:381)
==399==    by 0x48FC969: strdup (strdup.c:42)
==399==    by 0x10FCB6: criar_no_identificador (ast.c:244)
==399==    by 0x10CEDE: yyparse (bison.y:600)
==399==    by 0x10E010: main (bison.y:927)
==399== 
==399== 22 bytes in 3 blocks are still reachable in loss record 23 of 53
==399==    at 0x48407B4: malloc (vg_replace_malloc.c:381)
==399==    by 0x48FC969: strdup (strdup.c:42)
==399==    by 0x10E3FC: inserir_simbolo (semantic.c:151)
==399==    by 0x10C234: yyparse (bison.y:292)
==399==    by 0x10E010: main (bison.y:927)
==399== 
==399== 22 bytes in 3 blocks are still reachable in loss record 24 of 53
==399==    at 0x48407B4: malloc (vg_replace_malloc.c:381)
==399==    by 0x10F678: criar_no_declaracao_var (ast.c:73)
==399==    by 0x10C336: yyparse (bison.y:303)
==399==    by 0x10E010: main (bison.y:927)
==399== 
==399== 24 bytes in 1 blocks are still reachable in loss record 25 of 53
==399==    at 0x48407B4: malloc (vg_replace_malloc.c:381)
==399==    by 0x10E1AC: iniciar_analisador_semantico (semantic.c:76)
==399==    by 0x10C04F: yyparse (bison.y:222)
==399==    by 0x10E010: main (bison.y:927)
==399== 
==399== 24 bytes in 2 blocks are still reachable in loss record 26 of 53
==399==    at 0x48407B4: malloc (vg_replace_malloc.c:381)
==399==    by 0x48FC969: strdup (strdup.c:42)
==399==    by 0x10EA92: inserir_funcao (semantic.c:300)
==399==    by 0x10C51F: yyparse (bison.y:336)
==399==    by 0x10E010: main (bison.y:927)
==399== 
==399== 24 bytes in 2 blocks are still reachable in loss record 27 of 53
==399==    at 0x48407B4: malloc (vg_replace_malloc.c:381)
==399==    by 0x48FC969: strdup (strdup.c:42)
==399==    by 0x10F7C8: criar_no_declaracao_func (ast.c:107)
==399==    by 0x10C594: yyparse (bison.y:347)
==399==    by 0x10E010: main (bison.y:927)
==399== 
==399== 36 bytes in 3 blocks are still reachable in loss record 28 of 53
==399==    at 0x48407B4: malloc (vg_replace_malloc.c:381)
==399==    by 0x48FC969: strdup (strdup.c:42)
==399==    by 0x10E420: inserir_simbolo (semantic.c:153)
==399==    by 0x10C234: yyparse (bison.y:292)
==399==    by 0x10E010: main (bison.y:927)
==399== 
==399== 40 bytes in 5 blocks are definitely lost in loss record 29 of 53
==399==    at 0x48407B4: malloc (vg_replace_malloc.c:381)
==399==    by 0x109CC3: yylex (flex.l:160)
==399==    by 0x10BEA7: yyparse (bison.tab.c:1252)
==399==    by 0x10E010: main (bison.y:927)
==399== 
==399== 48 bytes in 1 blocks are still reachable in loss record 30 of 53
==399==    at 0x48407B4: malloc (vg_replace_malloc.c:381)
==399==    by 0x10FD42: criar_no_literal (ast.c:261)
==399==    by 0x10D0AF: yyparse (bison.y:636)
==399==    by 0x10E010: main (bison.y:927)
==399== 
==399== 48 bytes in 1 blocks are still reachable in loss record 31 of 53
==399==    at 0x48407B4: malloc (vg_replace_malloc.c:381)
==399==    by 0x10FC4B: criar_no_identificador (ast.c:231)
==399==    by 0x10CEDE: yyparse (bison.y:600)
==399==    by 0x10E010: main (bison.y:927)
==399== 
==399== 56 bytes in 1 blocks are still reachable in loss record 32 of 53
==399==    at 0x48407B4: malloc (vg_replace_malloc.c:381)
==399==    by 0x10EA7F: inserir_funcao (semantic.c:299)
==399==    by 0x10E22F: iniciar_analisador_semantico (semantic.c:88)
==399==    by 0x10C04F: yyparse (bison.y:222)
==399==    by 0x10E010: main (bison.y:927)
==399== 
==399== 56 bytes in 1 blocks are still reachable in loss record 33 of 53
==399==    at 0x48407B4: malloc (vg_replace_malloc.c:381)
==399==    by 0x10EA7F: inserir_funcao (semantic.c:299)
==399==    by 0x10E24A: iniciar_analisador_semantico (semantic.c:89)
==399==    by 0x10C04F: yyparse (bison.y:222)
==399==    by 0x10E010: main (bison.y:927)
==399== 
==399== 59 (48 direct, 11 indirect) bytes in 1 blocks are definitely lost in loss record 34 of 53
==399==    at 0x48407B4: malloc (vg_replace_malloc.c:381)
==399==    by 0x10FD42: criar_no_literal (ast.c:261)
==399==    by 0x10D0AF: yyparse (bison.y:636)
==399==    by 0x10E010: main (bison.y:927)
==399== 
==399== 60 bytes in 3 blocks are still reachable in loss record 35 of 53
==399==    at 0x48407B4: malloc (vg_replace_malloc.c:381)
==399==    by 0x48FC969: strdup (strdup.c:42)
==399==    by 0x10ED2A: inserir_parametro (semantic.c:373)
==399==    by 0x10C645: yyparse (bison.y:380)
==399==    by 0x10E010: main (bison.y:927)
==399== 
==399== 64 bytes in 1 blocks are still reachable in loss record 36 of 53
==399==    at 0x48407B4: malloc (vg_replace_malloc.c:381)
==399==    by 0x10B878: yyalloc (lex.yy.c:2157)
==399==    by 0x10AE60: yy_create_buffer (lex.yy.c:1695)
==399==    by 0x109577: yylex (lex.yy.c:854)
==399==    by 0x10BEA7: yyparse (bison.tab.c:1252)
==399==    by 0x10E010: main (bison.y:927)
==399== 
==399== 96 bytes in 2 blocks are still reachable in loss record 37 of 53
==399==    at 0x48407B4: malloc (vg_replace_malloc.c:381)
==399==    by 0x10F9EB: criar_no_expressao (ast.c:170)
==399==    by 0x10CD42: yyparse (bison.y:548)
==399==    by 0x10E010: main (bison.y:927)
==399== 
==399== 96 bytes in 2 blocks are still reachable in loss record 38 of 53
==399==    at 0x48407B4: malloc (vg_replace_malloc.c:381)
==399==    by 0x110C05: criar_no_bloco (ast.c:636)
==399==    by 0x10C975: yyparse (bison.y:465)
==399==    by 0x10E010: main (bison.y:927)
==399== 
==399== 96 bytes in 2 blocks are still reachable in loss record 39 of 53
==399==    at 0x48407B4: malloc (vg_replace_malloc.c:381)
==399==    by 0x10F75D: criar_no_declaracao_func (ast.c:97)
==399==    by 0x10C594: yyparse (bison.y:347)
==399==    by 0x10E010: main (bison.y:927)
==399== 
==399== 96 bytes in 2 blocks are still reachable in loss record 40 of 53
==399==    at 0x48407B4: malloc (vg_replace_malloc.c:381)
==399==    by 0x10FB20: criar_no_chamada_func (ast.c:201)
==399==    by 0x10D346: yyparse (bison.y:686)
==399==    by 0x10E010: main (bison.y:927)
==399== 
==399== 96 bytes in 2 blocks are still reachable in loss record 41 of 53
==399==    at 0x48407B4: malloc (vg_replace_malloc.c:381)
==399==    by 0x10FD42: criar_no_literal (ast.c:261)
==399==    by 0x10D04F: yyparse (bison.y:630)
==399==    by 0x10E010: main (bison.y:927)
==399== 
==399== 112 bytes in 2 blocks are still reachable in loss record 42 of 53
==399==    at 0x48407B4: malloc (vg_replace_malloc.c:381)
==399==    by 0x10EA7F: inserir_funcao (semantic.c:299)
==399==    by 0x10C51F: yyparse (bison.y:336)
==399==    by 0x10E010: main (bison.y:927)
==399== 
==399== 144 bytes in 3 blocks are still reachable in loss record 43 of 53
==399==    at 0x48407B4: malloc (vg_replace_malloc.c:381)
==399==    by 0x10FD42: criar_no_literal (ast.c:261)
==399==    by 0x10D06F: yyparse (bison.y:632)
==399==    by 0x10E010: main (bison.y:927)
==399== 
==399== 144 bytes in 3 blocks are still reachable in loss record 44 of 53
==399==    at 0x48407B4: malloc (vg_replace_malloc.c:381)
==399==    by 0x10F5F9: criar_no_declaracao_var (ast.c:61)
==399==    by 0x10C336: yyparse (bison.y:303)
==399==    by 0x10E010: main (bison.y:927)
==399== 
==399== 144 bytes in 3 blocks are still reachable in loss record 45 of 53
==399==    at 0x48407B4: malloc (vg_replace_malloc.c:381)
==399==    by 0x10FC4B: criar_no_identificador (ast.c:231)
==399==    by 0x10CF02: yyparse (bison.y:602)
==399==    by 0x10E010: main (bison.y:927)
==399== 
==399== 168 bytes in 3 blocks are still reachable in loss record 46 of 53
==399==    at 0x48407B4: malloc (vg_replace_malloc.c:381)
==399==    by 0x10E3EC: inserir_simbolo (semantic.c:150)
==399==    by 0x10C234: yyparse (bison.y:292)
==399==    by 0x10E010: main (bison.y:927)
==399== 
==399== 168 bytes in 3 blocks are still reachable in loss record 47 of 53
==399==    at 0x48407B4: malloc (vg_replace_malloc.c:381)
==399==    by 0x10ECE8: inserir_parametro (semantic.c:365)
==399==    by 0x10C645: yyparse (bison.y:380)
==399==    by 0x10E010: main (bison.y:927)
==399== 
==399== 472 bytes in 1 blocks are still reachable in loss record 48 of 53
==399==    at 0x48407B4: malloc (vg_replace_malloc.c:381)
==399==    by 0x48D41FA: __fopen_internal (iofopen.c:65)
==399==    by 0x10B915: iniciar_arquivo_arvore (bison.y:89)
==399==    by 0x10DFD2: main (bison.y:920)
==399== 
==399== 512 bytes in 1 blocks are still reachable in loss record 49 of 53
==399==    at 0x48407B4: malloc (vg_replace_malloc.c:381)
==399==    by 0x48D38CB: _IO_file_doallocate (filedoalloc.c:101)
==399==    by 0x48E109F: _IO_doallocbuf (genops.c:347)
==399==    by 0x48E109F: _IO_doallocbuf (genops.c:342)
==399==    by 0x48DF35B: _IO_file_xsgetn (fileops.c:1287)
==399==    by 0x48D4714: fread (iofread.c:38)
==399==    by 0x10A7A9: yy_get_next_buffer (lex.yy.c:1444)
==399==    by 0x10A23B: yylex (lex.yy.c:1284)
==399==    by 0x10BEA7: yyparse (bison.tab.c:1252)
==399==    by 0x10E010: main (bison.y:927)
==399== 
==399== 512 bytes in 1 blocks are still reachable in loss record 50 of 53
==399==    at 0x48407B4: malloc (vg_replace_malloc.c:381)
==399==    by 0x48D38CB: _IO_file_doallocate (filedoalloc.c:101)
==399==    by 0x48E109F: _IO_doallocbuf (genops.c:347)
==399==    by 0x48E109F: _IO_doallocbuf (genops.c:342)
==399==    by 0x48E0477: _IO_file_overflow@@GLIBC_2.2.5 (fileops.c:744)
==399==    by 0x48DF63D: _IO_new_file_xsputn (fileops.c:1243)
==399==    by 0x48DF63D: _IO_file_xsputn@@GLIBC_2.2.5 (fileops.c:1196)
==399==    by 0x48BA50D: outstring_func (vfprintf-internal.c:239)
==399==    by 0x48BA50D: __vfprintf_internal (vfprintf-internal.c:767)
==399==    by 0x48AFE85: fprintf (fprintf.c:32)
==399==    by 0x10BB59: mostrarAnaliseGramatical (bison.y:144)
==399==    by 0x10C622: yyparse (bison.y:379)
==399==    by 0x10E010: main (bison.y:927)
==399== 
==399== 1,024 bytes in 1 blocks are still reachable in loss record 51 of 53
==399==    at 0x48407B4: malloc (vg_replace_malloc.c:381)
==399==    by 0x48D38CB: _IO_file_doallocate (filedoalloc.c:101)
==399==    by 0x48E109F: _IO_doallocbuf (genops.c:347)
==399==    by 0x48E109F: _IO_doallocbuf (genops.c:342)
==399==    by 0x48E0477: _IO_file_overflow@@GLIBC_2.2.5 (fileops.c:744)
==399==    by 0x48DF63D: _IO_new_file_xsputn (fileops.c:1243)
==399==    by 0x48DF63D: _IO_file_xsputn@@GLIBC_2.2.5 (fileops.c:1196)
==399==    by 0x48D5A47: puts (ioputs.c:40)
==399==    by 0x10DD75: exibir_cabecalho (bison.y:847)
==399==    by 0x10DFC8: main (bison.y:917)
==399== 
==399== 16,386 bytes in 1 blocks are still reachable in loss record 52 of 53
==399==    at 0x48407B4: malloc (vg_replace_malloc.c:381)
==399==    by 0x10B878: yyalloc (lex.yy.c:2157)
==399==    by 0x10AE98: yy_create_buffer (lex.yy.c:1704)
==399==    by 0x109577: yylex (lex.yy.c:854)
==399==    by 0x10BEA7: yyparse (bison.tab.c:1252)
==399==    by 0x10E010: main (bison.y:927)
==399== 
==399== 62,008 bytes in 1 blocks are still reachable in loss record 53 of 53
==399==    at 0x48455EF: calloc (vg_replace_malloc.c:1328)
==399==    by 0x4969CB7: __monstartup (gmon.c:167)
==399==    by 0x4969CB7: monstartup (gmon.c:121)
==399==    by 0x1092B0: __gmon_start__ (in /mnt/c/Users/andre/OneDrive/Documents/Projetos/Compiladores/C_Compiler/bin/compilador)
==399==    by 0x109011: ??? (in /mnt/c/Users/andre/OneDrive/Documents/Projetos/Compiladores/C_Compiler/bin/compilador)
==399==    by 0x1FFEFFFE9F: ???
==399==    by 0x488532B: call_init (libc-start.c:135)
==399==    by 0x488532B: __libc_start_main@@GLIBC_2.34 (libc-start.c:347)
==399==    by 0x109270: (below main) (in /mnt/c/Users/andre/OneDrive/Documents/Projetos/Compiladores/C_Compiler/bin/compilador)
==399== 
==399== LEAK SUMMARY:
==399==    definitely lost: 114 bytes in 10 blocks
==399==    indirectly lost: 11 bytes in 1 blocks
==399==      possibly lost: 0 bytes in 0 blocks
==399==    still reachable: 82,934 bytes in 84 blocks
==399==         suppressed: 0 bytes in 0 blocks
==399== 
==399== For lists of detected and suppressed errors, rerun with: -s
==399== ERROR SUMMARY: 6 errors from 6 contexts (suppressed: 0 from 0)
Segmentation fault (core dumped)
